Traceback (most recent call last):
  File "C:\Users\82102\Desktop\MontageTaming\taming-transformers\main.py", line 308, in <module>
    parser = Trainer.add_argparse_args(parser)
             ^^^^^^^^^^^^^^^^^^^^^^^^^^^^^^^^^
  File "C:\Users\82102\AppData\Local\Programs\Python\Python312\Lib\site-packages\pytorch_lightning\trainer\properties.py", line 136, in add_argparse_args
    return argparse_utils.add_argparse_args(cls, parent_parser)
           ^^^^^^^^^^^^^^^^^^^^^^^^^^^^^^^^^^^^^^^^^^^^^^^^^^^^
  File "C:\Users\82102\AppData\Local\Programs\Python\Python312\Lib\site-packages\pytorch_lightning\utilities\argparse_utils.py", line 197, in add_argparse_args
    parser.add_argument(
  File "C:\Users\82102\AppData\Local\Programs\Python\Python312\Lib\argparse.py", line 1495, in add_argument
    return self._add_action(action)
           ^^^^^^^^^^^^^^^^^^^^^^^^
  File "C:\Users\82102\AppData\Local\Programs\Python\Python312\Lib\argparse.py", line 1877, in _add_action
    self._optionals._add_action(action)
  File "C:\Users\82102\AppData\Local\Programs\Python\Python312\Lib\argparse.py", line 1697, in _add_action
    action = super(_ArgumentGroup, self)._add_action(action)
             ^^^^^^^^^^^^^^^^^^^^^^^^^^^^^^^^^^^^^^^^^^^^^^^
  File "C:\Users\82102\AppData\Local\Programs\Python\Python312\Lib\argparse.py", line 1509, in _add_action
    self._check_conflict(action)
  File "C:\Users\82102\AppData\Local\Programs\Python\Python312\Lib\argparse.py", line 1646, in _check_conflict
    conflict_handler(action, confl_optionals)
  File "C:\Users\82102\AppData\Local\Programs\Python\Python312\Lib\argparse.py", line 1655, in _handle_conflict_error
    raise ArgumentError(action, message % conflict_string)
argparse.ArgumentError: argument --gpus: conflicting option string: --gpus
